<?xml version="1.0" encoding="UTF-8"?>
<robot generator="Robot 4.1.3 (Python 3.9.6 on win32)" generated="20230709 02:05:55.400" rpa="false" schemaversion="2">
<suite id="s1" name="Amazon TCs" source="C:\Users\Anu\Documents\AutomationTesting\Amazon\Test Suite\Amazon_TCs.robot">
<test id="s1-t1" name="TC_3_Login_Into_Amazon">
<kw name="Open the browser and launch the amazon website" library="CommonFunction">
<kw name="Create Webdriver" library="SeleniumLibrary">
<arg>Chrome</arg>
<arg>executable_path=${chrome_path}</arg>
<doc>Creates an instance of Selenium WebDriver.</doc>
<msg timestamp="20230709 02:05:55.788" level="INFO">Creating an instance of the Chrome WebDriver.</msg>
<status status="PASS" starttime="20230709 02:05:55.787" endtime="20230709 02:05:57.178"/>
</kw>
<kw name="Go To" library="SeleniumLibrary">
<arg>${url}</arg>
<doc>Navigates the current browser window to the provided ``url``.</doc>
<msg timestamp="20230709 02:05:57.179" level="INFO">Opening url 'https://www.amazon.in/'</msg>
<status status="PASS" starttime="20230709 02:05:57.178" endtime="20230709 02:06:03.589"/>
</kw>
<kw name="Maximize Browser Window" library="SeleniumLibrary">
<doc>Maximizes current browser window.</doc>
<status status="PASS" starttime="20230709 02:06:03.590" endtime="20230709 02:06:03.753"/>
</kw>
<status status="PASS" starttime="20230709 02:05:55.787" endtime="20230709 02:06:03.754"/>
</kw>
<kw name="Validate the page is loaded" library="CommonFunction">
<kw name="Wait Until Element Is Visible" library="SeleniumLibrary">
<arg>${logo}</arg>
<doc>Waits until the element ``locator`` is visible.</doc>
<status status="PASS" starttime="20230709 02:06:03.755" endtime="20230709 02:06:03.890"/>
</kw>
<kw name="Sleep" library="BuiltIn">
<arg>3s</arg>
<doc>Pauses the test executed for the given time.</doc>
<msg timestamp="20230709 02:06:06.899" level="INFO">Slept 3 seconds</msg>
<status status="PASS" starttime="20230709 02:06:03.891" endtime="20230709 02:06:06.899"/>
</kw>
<status status="PASS" starttime="20230709 02:06:03.755" endtime="20230709 02:06:06.900"/>
</kw>
<kw name="Click on the login link" library="CommonFunction">
<kw name="Click Link" library="SeleniumLibrary">
<arg>${login_link}</arg>
<doc>Clicks a link identified by ``locator``.</doc>
<msg timestamp="20230709 02:06:06.903" level="INFO">Clicking link 'xpath://a[@id='nav-link-accountList']'.</msg>
<status status="PASS" starttime="20230709 02:06:06.902" endtime="20230709 02:06:08.301"/>
</kw>
<kw name="Sleep" library="BuiltIn">
<arg>3s</arg>
<doc>Pauses the test executed for the given time.</doc>
<msg timestamp="20230709 02:06:11.309" level="INFO">Slept 3 seconds</msg>
<status status="PASS" starttime="20230709 02:06:08.301" endtime="20230709 02:06:11.309"/>
</kw>
<kw name="Wait Until Element Is Visible" library="SeleniumLibrary">
<arg>//h1[@class='a-spacing-small']</arg>
<doc>Waits until the element ``locator`` is visible.</doc>
<status status="PASS" starttime="20230709 02:06:11.309" endtime="20230709 02:06:11.368"/>
</kw>
<kw name="Sleep" library="BuiltIn">
<arg>3s</arg>
<doc>Pauses the test executed for the given time.</doc>
<msg timestamp="20230709 02:06:14.384" level="INFO">Slept 3 seconds</msg>
<status status="PASS" starttime="20230709 02:06:11.368" endtime="20230709 02:06:14.384"/>
</kw>
<status status="PASS" starttime="20230709 02:06:06.901" endtime="20230709 02:06:14.385"/>
</kw>
<kw name="Login using email" library="CommonFunction">
<kw name="Input Text" library="SeleniumLibrary">
<var>${email}</var>
<arg>${email_txt}</arg>
<arg>anobhama99@gmail.com</arg>
<doc>Types the given ``text`` into the text field identified by ``locator``.</doc>
<msg timestamp="20230709 02:06:14.386" level="INFO">Typing text 'anobhama99@gmail.com' into text field 'xpath://input[@id='ap_email']'.</msg>
<msg timestamp="20230709 02:06:14.578" level="INFO">${email} = None</msg>
<status status="PASS" starttime="20230709 02:06:14.386" endtime="20230709 02:06:14.578"/>
</kw>
<kw name="Sleep" library="BuiltIn">
<arg>3s</arg>
<doc>Pauses the test executed for the given time.</doc>
<msg timestamp="20230709 02:06:17.595" level="INFO">Slept 3 seconds</msg>
<status status="PASS" starttime="20230709 02:06:14.578" endtime="20230709 02:06:17.595"/>
</kw>
<kw name="Click Element" library="SeleniumLibrary">
<arg>${Continue_btn}</arg>
<doc>Click the element identified by ``locator``.</doc>
<msg timestamp="20230709 02:06:17.596" level="INFO">Clicking element 'xpath://input[@id='continue']'.</msg>
<status status="PASS" starttime="20230709 02:06:17.596" endtime="20230709 02:06:18.978"/>
</kw>
<kw name="Sleep" library="BuiltIn">
<arg>3s</arg>
<doc>Pauses the test executed for the given time.</doc>
<msg timestamp="20230709 02:06:21.985" level="INFO">Slept 3 seconds</msg>
<status status="PASS" starttime="20230709 02:06:18.979" endtime="20230709 02:06:21.985"/>
</kw>
<kw name="Input Password" library="SeleniumLibrary">
<var>${passwrd}</var>
<arg>${passwrd_txt}</arg>
<arg>Jappyrose@23</arg>
<doc>Types the given password into the text field identified by ``locator``.</doc>
<msg timestamp="20230709 02:06:21.986" level="INFO">Typing password into text field 'xpath://input[@id='ap_password']'.</msg>
<msg timestamp="20230709 02:06:22.036" level="INFO">Temporally setting log level to: NONE</msg>
<msg timestamp="20230709 02:06:22.090" level="INFO">Log level changed from NONE to INFO.</msg>
<msg timestamp="20230709 02:06:22.090" level="INFO">${passwrd} = None</msg>
<status status="PASS" starttime="20230709 02:06:21.985" endtime="20230709 02:06:22.091"/>
</kw>
<kw name="Sleep" library="BuiltIn">
<arg>3s</arg>
<doc>Pauses the test executed for the given time.</doc>
<msg timestamp="20230709 02:06:25.095" level="INFO">Slept 3 seconds</msg>
<status status="PASS" starttime="20230709 02:06:22.091" endtime="20230709 02:06:25.095"/>
</kw>
<kw name="Click Element" library="SeleniumLibrary">
<arg>${signIn_btn}</arg>
<doc>Click the element identified by ``locator``.</doc>
<msg timestamp="20230709 02:06:25.096" level="INFO">Clicking element 'xpath://input[@id='signInSubmit']'.</msg>
<status status="PASS" starttime="20230709 02:06:25.095" endtime="20230709 02:06:25.194"/>
</kw>
<kw name="Sleep" library="BuiltIn">
<arg>3s</arg>
<doc>Pauses the test executed for the given time.</doc>
<msg timestamp="20230709 02:06:28.207" level="INFO">Slept 3 seconds</msg>
<status status="PASS" starttime="20230709 02:06:25.194" endtime="20230709 02:06:28.207"/>
</kw>
<status status="PASS" starttime="20230709 02:06:14.386" endtime="20230709 02:06:28.207"/>
</kw>
<kw name="Close All Browsers" library="SeleniumLibrary">
<doc>Closes all open browsers and resets the browser cache.</doc>
<status status="PASS" starttime="20230709 02:06:28.208" endtime="20230709 02:06:30.647"/>
</kw>
<kw name="Close Browser" library="SeleniumLibrary" type="TEARDOWN">
<doc>Closes the current browser.</doc>
<status status="PASS" starttime="20230709 02:06:30.649" endtime="20230709 02:06:30.649"/>
</kw>
<status status="PASS" starttime="20230709 02:05:55.786" endtime="20230709 02:06:30.650"/>
</test>
<doc>To validate the Amazon website</doc>
<status status="PASS" starttime="20230709 02:05:55.402" endtime="20230709 02:06:30.654"/>
</suite>
<statistics>
<total>
<stat pass="1" fail="0" skip="0">All Tests</stat>
</total>
<tag>
</tag>
<suite>
<stat pass="1" fail="0" skip="0" id="s1" name="Amazon TCs">Amazon TCs</stat>
</suite>
</statistics>
<errors>
</errors>
</robot>
